<?xml version="1.0" encoding="UTF-8"?>
<!-- Generated by org.testng.reporters.JUnitXMLReporter -->
<testsuite ignored="0" hostname="Pulkit" failures="0" tests="4" name="Default test" time="5.786" errors="0" timestamp="2024-04-25T22:24:56 IST">
  <testcase classname="AppTest" name="test" time="1.766"/>
  <testcase classname="AppTest" name="test2" time="1.268"/>
  <testcase classname="AppTest" name="test3" time="1.39"/>
  <testcase classname="AppTest" name="test4" time="1.328"/>
</testsuite> <!-- Default test -->
