<?xml version="1.0" encoding="UTF-8"?>
<testng-results ignored="0" total="4" passed="4" failed="0" skipped="0">
  <reporter-output>
  </reporter-output>
  <suite started-at="2024-04-25T22:24:50 IST" name="Default suite" finished-at="2024-04-25T22:24:56 IST" duration-ms="5786">
    <groups>
    </groups>
    <test started-at="2024-04-25T22:24:50 IST" name="Default test" finished-at="2024-04-25T22:24:56 IST" duration-ms="5786">
      <class name="AppTest">
        <test-method signature="test()[pri:0, instance:AppTest@28eaa59a]" started-at="2024-04-25T22:24:50 IST" name="test" finished-at="2024-04-25T22:24:52 IST" duration-ms="1766" status="PASS">
          <reporter-output>
          </reporter-output>
        </test-method> <!-- test -->
        <test-method signature="test2()[pri:0, instance:AppTest@28eaa59a]" started-at="2024-04-25T22:24:52 IST" name="test2" finished-at="2024-04-25T22:24:53 IST" duration-ms="1268" status="PASS">
          <reporter-output>
          </reporter-output>
        </test-method> <!-- test2 -->
        <test-method signature="test3()[pri:0, instance:AppTest@28eaa59a]" started-at="2024-04-25T22:24:53 IST" name="test3" finished-at="2024-04-25T22:24:54 IST" duration-ms="1390" status="PASS">
          <reporter-output>
          </reporter-output>
        </test-method> <!-- test3 -->
        <test-method signature="test4()[pri:0, instance:AppTest@28eaa59a]" started-at="2024-04-25T22:24:54 IST" name="test4" finished-at="2024-04-25T22:24:56 IST" duration-ms="1328" status="PASS">
          <reporter-output>
          </reporter-output>
        </test-method> <!-- test4 -->
      </class> <!-- AppTest -->
    </test> <!-- Default test -->
  </suite> <!-- Default suite -->
</testng-results>
